生成启动时间为 2024/4/6 14:35:12。
日志记录详细程度设置为: Normal。     1>项目“D:\Dev\OpenGL1\OpenGL1\OpenGL1.vcxproj”在节点 2 上(Build 个目标)。
     1>InitializeBuildStatus:
         正在对“x64\Debug\OpenGL1.tlog\unsuccessfulbuild”执行 Touch 任务。
       VcpkgTripletSelection:
         Using triplet "x64-windows" from "D:\vcpkg\vcpkg-2024.03.25\installed\x64-windows\"
         Using normalized configuration "Debug"
       ClCompile:
         D:\VS2022\VC\Tools\MSVC\14.36.32532\bin\HostX64\x64\CL.exe /c /I"D:\vcpkg\vcpkg-2024.03.25\installed\x64-windows\include" /ZI /JMC /nologo /W3 /WX- /diagnostics:column /sdl /Od /D _DEBUG /D _CONSOLE /D _UNICODE /D UNICODE /Gm- /EHsc /RTC1 /MDd /GS /fp:precise /Zc:wchar_t /Zc:forScope /Zc:inline /permissive- /Fo"x64\Debug\\" /Fd"x64\Debug\vc143.pdb" /external:W3 /Gd /TP /FC /errorReport:prompt main.cpp stb_image.cpp
         main.cpp
     1>D:\Dev\OpenGL1\OpenGL1\main.cpp(3,10): fatal  error C1083: 无法打开包括文件: “stb_image.h”: No such file or directory
         stb_image.cpp
         正在生成代码...
     1>已完成生成项目“D:\Dev\OpenGL1\OpenGL1\OpenGL1.vcxproj”(Build 个目标)的操作 - 失败。

生成失败。

       “D:\Dev\OpenGL1\OpenGL1\OpenGL1.vcxproj”(Build 目标) (1) ->
       (ClCompile 目标) -> 
         D:\Dev\OpenGL1\OpenGL1\main.cpp(3,10): fatal  error C1083: 无法打开包括文件: “stb_image.h”: No such file or directory

    0 个警告
    1 个错误

已用时间 00:00:00.30
